<?xml version="1.0" encoding="UTF-8"?>
<testsuite name="org.book.spring.untitled.web.IndexControllerTest" tests="1" skipped="0" failures="0" errors="0" timestamp="2021-08-27T15:27:52" hostname="nonuliui-MacBookAir.local" time="0.182">
  <properties/>
  <testcase name="메인페이지_로딩" classname="org.book.spring.untitled.web.IndexControllerTest" time="0.182"/>
  <system-out><![CDATA[2021-08-28 00:27:52.677  INFO 7434 --- [    Test worker] .b.t.c.SpringBootTestContextBootstrapper : Neither @ContextConfiguration nor @ContextHierarchy found for test class [org.book.spring.untitled.web.IndexControllerTest], using SpringBootContextLoader
2021-08-28 00:27:52.682  INFO 7434 --- [    Test worker] o.s.t.c.support.AbstractContextLoader    : Could not detect default resource locations for test class [org.book.spring.untitled.web.IndexControllerTest]: no resource found for suffixes {-context.xml, Context.groovy}.
2021-08-28 00:27:52.684  INFO 7434 --- [    Test worker] t.c.s.AnnotationConfigContextLoaderUtils : Could not detect default configuration classes for test class [org.book.spring.untitled.web.IndexControllerTest]: IndexControllerTest does not declare any static, non-private, non-final, nested classes annotated with @Configuration.
2021-08-28 00:27:52.689  INFO 7434 --- [    Test worker] .b.t.c.SpringBootTestContextBootstrapper : Found @SpringBootConfiguration org.book.spring.untitled.Application for test class org.book.spring.untitled.web.IndexControllerTest
2021-08-28 00:27:52.696  INFO 7434 --- [    Test worker] .b.t.c.SpringBootTestContextBootstrapper : Loaded default TestExecutionListener class names from location [META-INF/spring.factories]: [org.springframework.security.test.context.support.WithSecurityContextTestExecutionListener, org.springframework.security.test.context.support.ReactorContextTestExecutionListener, org.springframework.boot.test.autoconfigure.restdocs.RestDocsTestExecutionListener, org.springframework.boot.test.autoconfigure.web.client.MockRestServiceServerResetTestExecutionListener, org.springframework.boot.test.autoconfigure.web.servlet.MockMvcPrintOnlyOnFailureTestExecutionListener, org.springframework.boot.test.autoconfigure.web.servlet.WebDriverTestExecutionListener, org.springframework.boot.test.autoconfigure.webservices.client.MockWebServiceServerTestExecutionListener, org.springframework.boot.test.mock.mockito.MockitoTestExecutionListener, org.springframework.boot.test.mock.mockito.ResetMocksTestExecutionListener, org.springframework.test.context.web.ServletTestExecutionListener, org.springframework.test.context.support.DirtiesContextBeforeModesTestExecutionListener, org.springframework.test.context.event.ApplicationEventsTestExecutionListener, org.springframework.test.context.support.DependencyInjectionTestExecutionListener, org.springframework.test.context.support.DirtiesContextTestExecutionListener, org.springframework.test.context.transaction.TransactionalTestExecutionListener, org.springframework.test.context.jdbc.SqlScriptsTestExecutionListener, org.springframework.test.context.event.EventPublishingTestExecutionListener]
2021-08-28 00:27:52.697  INFO 7434 --- [    Test worker] .b.t.c.SpringBootTestContextBootstrapper : Using TestExecutionListeners: [org.springframework.test.context.web.ServletTestExecutionListener@2844fa34, org.springframework.test.context.support.DirtiesContextBeforeModesTestExecutionListener@30842df7, org.springframework.test.context.event.ApplicationEventsTestExecutionListener@1a92dbf0, org.springframework.boot.test.mock.mockito.MockitoTestExecutionListener@bc5041d, org.springframework.boot.test.autoconfigure.SpringBootDependencyInjectionTestExecutionListener@4dfda0b, org.springframework.test.context.support.DirtiesContextTestExecutionListener@1525a4f2, org.springframework.test.context.transaction.TransactionalTestExecutionListener@1964b0fd, org.springframework.test.context.jdbc.SqlScriptsTestExecutionListener@3a22ba20, org.springframework.security.test.context.support.WithSecurityContextTestExecutionListener@40d720ed, org.springframework.test.context.event.EventPublishingTestExecutionListener@78ed1e31, org.springframework.security.test.context.support.ReactorContextTestExecutionListener@4432aa89, org.springframework.boot.test.autoconfigure.restdocs.RestDocsTestExecutionListener@6b6eeb95, org.springframework.boot.test.autoconfigure.web.client.MockRestServiceServerResetTestExecutionListener@12476e5d, org.springframework.boot.test.autoconfigure.web.servlet.MockMvcPrintOnlyOnFailureTestExecutionListener@24be6b2, org.springframework.boot.test.autoconfigure.web.servlet.WebDriverTestExecutionListener@53fc6290, org.springframework.boot.test.autoconfigure.webservices.client.MockWebServiceServerTestExecutionListener@4f520939, org.springframework.boot.test.mock.mockito.ResetMocksTestExecutionListener@664eb308]
2021-08-28 00:27:52.817  INFO 7434 --- [o-auto-1-exec-1] o.a.c.c.C.[Tomcat].[localhost].[/]       : Initializing Spring DispatcherServlet 'dispatcherServlet'
2021-08-28 00:27:52.817  INFO 7434 --- [o-auto-1-exec-1] o.s.web.servlet.DispatcherServlet        : Initializing Servlet 'dispatcherServlet'
2021-08-28 00:27:52.819  INFO 7434 --- [o-auto-1-exec-1] o.s.web.servlet.DispatcherServlet        : Completed initialization in 1 ms
Hibernate: select posts0_.id as id1_0_, posts0_.created_date as created_2_0_, posts0_.modified_date as modified3_0_, posts0_.author as author4_0_, posts0_.content as content5_0_, posts0_.title as title6_0_ from posts posts0_ order by posts0_.id DESC
]]></system-out>
  <system-err><![CDATA[]]></system-err>
</testsuite>
