<?xml version="1.0" encoding="UTF-8"?>
<testsuite name="org.book.spring.untitled.web.HelloControllerTest" tests="2" skipped="0" failures="0" errors="0" timestamp="2021-08-27T15:27:52" hostname="nonuliui-MacBookAir.local" time="0.111">
  <properties/>
  <testcase name="hello가_리턴된다" classname="org.book.spring.untitled.web.HelloControllerTest" time="0.053"/>
  <testcase name="helloDto가_리턴된다" classname="org.book.spring.untitled.web.HelloControllerTest" time="0.054"/>
  <system-out><![CDATA[2021-08-28 00:27:51.305  INFO 7434 --- [    Test worker] .b.t.a.w.s.WebMvcTestContextBootstrapper : Neither @ContextConfiguration nor @ContextHierarchy found for test class [org.book.spring.untitled.web.HelloControllerTest], using SpringBootContextLoader
2021-08-28 00:27:51.308  INFO 7434 --- [    Test worker] o.s.t.c.support.AbstractContextLoader    : Could not detect default resource locations for test class [org.book.spring.untitled.web.HelloControllerTest]: no resource found for suffixes {-context.xml, Context.groovy}.
2021-08-28 00:27:51.309  INFO 7434 --- [    Test worker] t.c.s.AnnotationConfigContextLoaderUtils : Could not detect default configuration classes for test class [org.book.spring.untitled.web.HelloControllerTest]: HelloControllerTest does not declare any static, non-private, non-final, nested classes annotated with @Configuration.
2021-08-28 00:27:51.346  INFO 7434 --- [    Test worker] .b.t.c.SpringBootTestContextBootstrapper : Found @SpringBootConfiguration org.book.spring.untitled.Application for test class org.book.spring.untitled.web.HelloControllerTest
2021-08-28 00:27:51.355  INFO 7434 --- [    Test worker] .b.t.a.w.s.WebMvcTestContextBootstrapper : Loaded default TestExecutionListener class names from location [META-INF/spring.factories]: [org.springframework.security.test.context.support.WithSecurityContextTestExecutionListener, org.springframework.security.test.context.support.ReactorContextTestExecutionListener, org.springframework.boot.test.autoconfigure.restdocs.RestDocsTestExecutionListener, org.springframework.boot.test.autoconfigure.web.client.MockRestServiceServerResetTestExecutionListener, org.springframework.boot.test.autoconfigure.web.servlet.MockMvcPrintOnlyOnFailureTestExecutionListener, org.springframework.boot.test.autoconfigure.web.servlet.WebDriverTestExecutionListener, org.springframework.boot.test.autoconfigure.webservices.client.MockWebServiceServerTestExecutionListener, org.springframework.boot.test.mock.mockito.MockitoTestExecutionListener, org.springframework.boot.test.mock.mockito.ResetMocksTestExecutionListener, org.springframework.test.context.web.ServletTestExecutionListener, org.springframework.test.context.support.DirtiesContextBeforeModesTestExecutionListener, org.springframework.test.context.event.ApplicationEventsTestExecutionListener, org.springframework.test.context.support.DependencyInjectionTestExecutionListener, org.springframework.test.context.support.DirtiesContextTestExecutionListener, org.springframework.test.context.transaction.TransactionalTestExecutionListener, org.springframework.test.context.jdbc.SqlScriptsTestExecutionListener, org.springframework.test.context.event.EventPublishingTestExecutionListener]
2021-08-28 00:27:51.357  INFO 7434 --- [    Test worker] .b.t.a.w.s.WebMvcTestContextBootstrapper : Using TestExecutionListeners: [org.springframework.test.context.web.ServletTestExecutionListener@6c73a389, org.springframework.test.context.support.DirtiesContextBeforeModesTestExecutionListener@6f34b55a, org.springframework.test.context.event.ApplicationEventsTestExecutionListener@7112a32b, org.springframework.boot.test.mock.mockito.MockitoTestExecutionListener@376e83a7, org.springframework.boot.test.autoconfigure.SpringBootDependencyInjectionTestExecutionListener@46701128, org.springframework.test.context.support.DirtiesContextTestExecutionListener@c24f2d9, org.springframework.test.context.transaction.TransactionalTestExecutionListener@68cb038d, org.springframework.test.context.jdbc.SqlScriptsTestExecutionListener@2b7bd688, org.springframework.security.test.context.support.WithSecurityContextTestExecutionListener@6dc47b9e, org.springframework.test.context.event.EventPublishingTestExecutionListener@465dfec5, org.springframework.security.test.context.support.ReactorContextTestExecutionListener@763a4ae8, org.springframework.boot.test.autoconfigure.restdocs.RestDocsTestExecutionListener@3000d31, org.springframework.boot.test.autoconfigure.web.client.MockRestServiceServerResetTestExecutionListener@4d569e44, org.springframework.boot.test.autoconfigure.web.servlet.MockMvcPrintOnlyOnFailureTestExecutionListener@6454eafd, org.springframework.boot.test.autoconfigure.web.servlet.WebDriverTestExecutionListener@401d9195, org.springframework.boot.test.autoconfigure.webservices.client.MockWebServiceServerTestExecutionListener@43776522, org.springframework.boot.test.mock.mockito.ResetMocksTestExecutionListener@3a2a67b6]

  .   ____          _            __ _ _
 /\\ / ___'_ __ _ _(_)_ __  __ _ \ \ \ \
( ( )\___ | '_ | '_| | '_ \/ _` | \ \ \ \
 \\/  ___)| |_)| | | | | || (_| |  ) ) ) )
  '  |____| .__|_| |_|_| |_\__, | / / / /
 =========|_|==============|___/=/_/_/_/
 :: Spring Boot ::                (v2.5.2)

2021-08-28 00:27:51.533  INFO 7434 --- [    Test worker] o.b.s.untitled.web.HelloControllerTest   : Starting HelloControllerTest using Java 16.0.1 on nonuliui-MacBookAir.local with PID 7434 (started by noori in /Users/noori/IdeaProjects/untitled)
2021-08-28 00:27:51.536  INFO 7434 --- [    Test worker] o.b.s.untitled.web.HelloControllerTest   : No active profile set, falling back to default profiles: default
2021-08-28 00:27:52.207  INFO 7434 --- [    Test worker] o.s.b.a.w.s.WelcomePageHandlerMapping    : Adding welcome page template: index
2021-08-28 00:27:52.461  INFO 7434 --- [    Test worker] o.s.s.web.DefaultSecurityFilterChain     : Will secure any request with [org.springframework.security.web.context.request.async.WebAsyncManagerIntegrationFilter@259dfaae, org.springframework.security.web.context.SecurityContextPersistenceFilter@1989b822, org.springframework.security.web.header.HeaderWriterFilter@1619316d, org.springframework.security.web.csrf.CsrfFilter@6efab8b9, org.springframework.security.web.authentication.logout.LogoutFilter@4fdbd70e, org.springframework.security.oauth2.client.web.OAuth2AuthorizationRequestRedirectFilter@544accf8, org.springframework.security.oauth2.client.web.OAuth2AuthorizationRequestRedirectFilter@53c6a8f0, org.springframework.security.oauth2.client.web.OAuth2LoginAuthenticationFilter@121b0f3d, org.springframework.security.web.authentication.ui.DefaultLoginPageGeneratingFilter@45b53f27, org.springframework.security.web.authentication.ui.DefaultLogoutPageGeneratingFilter@298676a8, org.springframework.security.web.savedrequest.RequestCacheAwareFilter@5f0abdd7, org.springframework.security.web.servletapi.SecurityContextHolderAwareRequestFilter@476d02, org.springframework.security.web.authentication.AnonymousAuthenticationFilter@2bebb198, org.springframework.security.oauth2.client.web.OAuth2AuthorizationCodeGrantFilter@52a16a6d, org.springframework.security.web.session.SessionManagementFilter@480a7234, org.springframework.security.web.access.ExceptionTranslationFilter@2d9d6b17, org.springframework.security.web.access.intercept.FilterSecurityInterceptor@21b1d325]
2021-08-28 00:27:52.529  INFO 7434 --- [    Test worker] o.s.b.t.m.w.SpringBootMockServletContext : Initializing Spring TestDispatcherServlet ''
2021-08-28 00:27:52.530  INFO 7434 --- [    Test worker] o.s.t.web.servlet.TestDispatcherServlet  : Initializing Servlet ''
2021-08-28 00:27:52.530  INFO 7434 --- [    Test worker] o.s.t.web.servlet.TestDispatcherServlet  : Completed initialization in 0 ms
2021-08-28 00:27:52.553  INFO 7434 --- [    Test worker] o.b.s.untitled.web.HelloControllerTest   : Started HelloControllerTest in 1.176 seconds (JVM running for 10.636)
]]></system-out>
  <system-err><![CDATA[]]></system-err>
</testsuite>
