<?xml version="1.0" encoding="UTF-8"?>
<testsuite name="org.book.spring.untitled.web.dto.HelloResponseDtoTest" tests="1" skipped="0" failures="0" errors="0" timestamp="2021-08-27T15:27:42" hostname="nonuliui-MacBookAir.local" time="0.066">
  <properties/>
  <testcase name="롬복_기능_테스트" classname="org.book.spring.untitled.web.dto.HelloResponseDtoTest" time="0.066"/>
  <system-out><![CDATA[]]></system-out>
  <system-err><![CDATA[]]></system-err>
</testsuite>
